<?xml version="1.0" encoding="UTF-8"?>
<!-- Generated by org.testng.reporters.JUnitReportReporter -->
<testsuite hostname="DESKTOP-JR690K3" failures="0" tests="3" name="TestNg.DataProviderEx2" time="0.026" errors="0" timestamp="2024-06-20T11:02:59 IST" skipped="0">
  <testcase classname="TestNg.DataProviderEx2" name="bookTicketTest" time="0.005"/>
  <system-out/>
  <testcase classname="TestNg.DataProviderEx2" name="bookTicketTest" time="0.003"/>
  <system-out/>
  <testcase classname="TestNg.DataProviderEx2" name="bookTicketTest" time="0.018"/>
  <system-out/>
</testsuite> <!-- TestNg.DataProviderEx2 -->
