<?xml version="1.0" encoding="UTF-8"?>
<!-- Generated by org.testng.reporters.JUnitReportReporter -->
<testsuite hostname="DESKTOP-JR690K3" failures="0" tests="3" name="TestNg.SampleTest" time="0.058" errors="0" timestamp="2024-06-18T10:31:52 IST" skipped="0">
  <testcase classname="TestNg.SampleTest" name="createproduct" time="0.042"/>
  <system-out/>
  <testcase classname="TestNg.SampleTest" name="modifyproduct" time="0.006"/>
  <system-out/>
  <testcase classname="TestNg.SampleTest" name="deleteproduct" time="0.010"/>
  <system-out/>
</testsuite> <!-- TestNg.SampleTest -->
