<?xml version="1.0" encoding="UTF-8"?>
<!-- Generated by org.testng.reporters.JUnitReportReporter -->
<testsuite hostname="DESKTOP-JR690K3" failures="0" tests="3" name="TestNg.SampleTest1" time="0.044" errors="0" timestamp="2024-06-18T10:36:28 IST" skipped="0">
  <testcase classname="TestNg.SampleTest1" name="createproduct" time="0.030"/>
  <system-out/>
  <testcase classname="TestNg.SampleTest1" name="deleteproduct" time="0.009"/>
  <system-out/>
  <testcase classname="TestNg.SampleTest1" name="modifyproduct" time="0.005"/>
  <system-out/>
</testsuite> <!-- TestNg.SampleTest1 -->
