<?xml version="1.0" encoding="UTF-8"?>
<!-- Generated by org.testng.reporters.JUnitReportReporter -->
<testsuite hostname="DESKTOP-JR690K3" failures="0" tests="4" name="TestNg.SampleTest2" time="0.028" errors="0" timestamp="2024-06-18T10:44:51 IST" skipped="1">
  <testcase classname="TestNg.SampleTest2" name="deleteproduct" time="0.019"/>
  <system-out/>
  <testcase classname="TestNg.SampleTest2" name="createproduct" time="0.005"/>
  <system-out/>
  <testcase classname="TestNg.SampleTest2" name="createproduct" time="0.004"/>
  <system-out/>
  <testcase classname="TestNg.SampleTest2" name="modifyproduct">
    <skipped/>
  </testcase> <!-- modifyproduct -->
  <system-out/>
</testsuite> <!-- TestNg.SampleTest2 -->
