<?xml version="1.0" encoding="UTF-8"?>
<!-- Generated by org.testng.reporters.JUnitReportReporter -->
<testsuite hostname="DESKTOP-JR690K3" failures="0" tests="3" name="TestNg.DataProviderEx1" time="0.029" errors="0" timestamp="2024-06-20T12:37:22 IST" skipped="0">
  <testcase classname="TestNg.DataProviderEx1" name="bookTicketTest" time="0.004"/>
  <system-out/>
  <testcase classname="TestNg.DataProviderEx1" name="bookTicketTest" time="0.008"/>
  <system-out/>
  <testcase classname="TestNg.DataProviderEx1" name="bookTicketTest" time="0.017"/>
  <system-out/>
</testsuite> <!-- TestNg.DataProviderEx1 -->
